[debug] [2026-01-04T18:22:10.694Z] ----------------------------------------------------------------------
[debug] [2026-01-04T18:22:10.696Z] Command:       C:\Program Files\nodejs\node.exe C:\Users\Ananya\AppData\Roaming\npm\node_modules\firebase-tools\lib\bin\firebase.js deploy --only database
[debug] [2026-01-04T18:22:10.696Z] CLI Version:   15.1.0
[debug] [2026-01-04T18:22:10.696Z] Platform:      win32
[debug] [2026-01-04T18:22:10.696Z] Node Version:  v25.1.0
[debug] [2026-01-04T18:22:10.696Z] Time:          Sun Jan 04 2026 23:52:10 GMT+0530 (India Standard Time)
[debug] [2026-01-04T18:22:10.696Z] ----------------------------------------------------------------------
[debug] 
[error] 
[error] Error: Not in a Firebase app directory (could not locate firebase.json)
[debug] [2026-01-04T18:22:12.029Z] Error: EBUSY: resource busy or locked, unlink 'D:\tracker\app\firebase-debug.log'
    at Object.unlinkSync (node:fs:1918:11)
    at process.<anonymous> (C:\Users\Ananya\AppData\Roaming\npm\node_modules\firebase-tools\lib\bin\cli.js:44:16)
    at process.emit (node:events:520:35)
    at process.exit (node:internal/process/per_thread:236:15)
    at Timeout._onTimeout (C:\Users\Ananya\AppData\Roaming\npm\node_modules\firebase-tools\lib\errorOut.js:20:17)
    at listOnTimeout (node:internal/timers:605:17)
    at process.processTimers (node:internal/timers:541:7)
[error] 
[error] Error: An unexpected error has occurred.
